Configuring regex-pcre-builtin-0.94.4.8.8.35...
Building regex-pcre-builtin-0.94.4.8.8.35...
Preprocessing library regex-pcre-builtin-0.94.4.8.8.35...
[1 of 6] Compiling Text.Regex.PCRE.Wrap ( .stack-work/dist/x86_64-linux/Cabal-1.24.0.0/build/Text/Regex/PCRE/Wrap.hs, .stack-work/dist/x86_64-linux/Cabal-1.24.0.0/build/Text/Regex/PCRE/Wrap.o )

Text/Regex/PCRE/Wrap.hsc:217:5: warning: [-Wunused-do-bind]
    A do-notation statement discarded a result of type ‘CInt’
    Suppress this warning by saying
      ‘_ <- c_pcre_fullinfo pcre_ptr (nullPtr) pcreInfoCapturecount st’

Text/Regex/PCRE/Wrap.hsc:340:5: warning: [-Wunused-do-bind]
    A do-notation statement discarded a result of type ‘CInt’
    Suppress this warning by saying
      ‘_ <- c_pcre_config pcreConfigUtf8 ptrVal’
[2 of 6] Compiling Text.Regex.PCRE.String ( Text/Regex/PCRE/String.hs, .stack-work/dist/x86_64-linux/Cabal-1.24.0.0/build/Text/Regex/PCRE/String.o )
[3 of 6] Compiling Text.Regex.PCRE.Sequence ( Text/Regex/PCRE/Sequence.hs, .stack-work/dist/x86_64-linux/Cabal-1.24.0.0/build/Text/Regex/PCRE/Sequence.o )
[4 of 6] Compiling Text.Regex.PCRE.ByteString ( Text/Regex/PCRE/ByteString.hs, .stack-work/dist/x86_64-linux/Cabal-1.24.0.0/build/Text/Regex/PCRE/ByteString.o )
[5 of 6] Compiling Text.Regex.PCRE.ByteString.Lazy ( Text/Regex/PCRE/ByteString/Lazy.hs, .stack-work/dist/x86_64-linux/Cabal-1.24.0.0/build/Text/Regex/PCRE/ByteString/Lazy.o )
[6 of 6] Compiling Text.Regex.PCRE  ( Text/Regex/PCRE.hs, .stack-work/dist/x86_64-linux/Cabal-1.24.0.0/build/Text/Regex/PCRE.o )

Text/Regex/PCRE.hs:61:13: warning: [-Wdeprecations]
    In the use of ‘versionTags’ (imported from Data.Version):
    Deprecated: "See GHC ticket #2496"
ghc: unable to decommit memory: Invalid argument
ghc: unable to decommit memory: Invalid argument
ghc: unable to decommit memory: Invalid argument
ghc: unable to decommit memory: Invalid argument
ghc: unable to decommit memory: Invalid argument
ghc: unable to decommit memory: Invalid argument
ghc: unable to decommit memory: Invalid argument
ghc: unable to decommit memory: Invalid argument
ghc: unable to decommit memory: Invalid argument
ghc: unable to decommit memory: Invalid argument
ghc: unable to decommit memory: Invalid argument
ghc: unable to decommit memory: Invalid argument
ghc: unable to decommit memory: Invalid argument
Installing library in
/home/ppk/.stack/snapshots/x86_64-linux/lts-7.9/8.0.1/lib/x86_64-linux-ghc-8.0.1/regex-pcre-builtin-0.94.4.8.8.35-251Z0W3Xo3HHzMMBdi2C25
Registering regex-pcre-builtin-0.94.4.8.8.35...
