Configuring SHA-1.6.4.2...
Building SHA-1.6.4.2...
Preprocessing library SHA-1.6.4.2...
[1 of 1] Compiling Data.Digest.Pure.SHA ( src/Data/Digest/Pure/SHA.hs, .stack-work/dist/x86_64-linux/Cabal-1.24.0.0/build/Data/Digest/Pure/SHA.o )
ghc: unable to decommit memory: Invalid argument
ghc: unable to decommit memory: Invalid argument
ghc: unable to decommit memory: Invalid argument
ghc: unable to decommit memory: Invalid argument
ghc: unable to decommit memory: Invalid argument
ghc: unable to decommit memory: Invalid argument
ghc: unable to decommit memory: Invalid argument
ghc: unable to decommit memory: Invalid argument
ghc: unable to decommit memory: Invalid argument
ghc: unable to decommit memory: Invalid argument
ghc: unable to decommit memory: Invalid argument
ghc: unable to decommit memory: Invalid argument
ghc: unable to decommit memory: Invalid argument
ghc: unable to decommit memory: Invalid argument
ghc: unable to decommit memory: Invalid argument
ghc: unable to decommit memory: Invalid argument
ghc: unable to decommit memory: Invalid argument
ghc: unable to decommit memory: Invalid argument
ghc: unable to decommit memory: Invalid argument
ghc: unable to decommit memory: Invalid argument
ghc: unable to decommit memory: Invalid argument
ghc: unable to decommit memory: Invalid argument
ghc: unable to decommit memory: Invalid argument
ghc: unable to decommit memory: Invalid argument
ghc: unable to decommit memory: Invalid argument
ghc: unable to decommit memory: Invalid argument
ghc: unable to decommit memory: Invalid argument
ghc: unable to decommit memory: Invalid argument
ghc: unable to decommit memory: Invalid argument
ghc: unable to decommit memory: Invalid argument
ghc: unable to decommit memory: Invalid argument
Installing library in
/home/ppk/.stack/snapshots/x86_64-linux/lts-7.9/8.0.1/lib/x86_64-linux-ghc-8.0.1/SHA-1.6.4.2-GSP9nhHyWNEAImBrL9QfXp
Registering SHA-1.6.4.2...
